Traceback (most recent call last):
  File "/usr/local/python/3.12.1/lib/python3.12/site-packages/jupyter_cache/executors/utils.py", line 58, in single_nb_execution
    executenb(
  File "/home/codespace/.local/lib/python3.12/site-packages/nbclient/client.py", line 1314, in execute
    return NotebookClient(nb=nb, resources=resources, km=km, **kwargs).execute()
           ^^^^^^^^^^^^^^^^^^^^^^^^^^^^^^^^^^^^^^^^^^^^^^^^^^^^^^^^^^^^^^^^^^^^^
  File "/home/codespace/.local/lib/python3.12/site-packages/jupyter_core/utils/__init__.py", line 165, in wrapped
    return loop.run_until_complete(inner)
           ^^^^^^^^^^^^^^^^^^^^^^^^^^^^^^
  File "/usr/local/python/3.12.1/lib/python3.12/asyncio/base_events.py", line 684, in run_until_complete
    return future.result()
           ^^^^^^^^^^^^^^^
  File "/home/codespace/.local/lib/python3.12/site-packages/nbclient/client.py", line 709, in async_execute
    await self.async_execute_cell(
  File "/home/codespace/.local/lib/python3.12/site-packages/nbclient/client.py", line 1062, in async_execute_cell
    await self._check_raise_for_error(cell, cell_index, exec_reply)
  File "/home/codespace/.local/lib/python3.12/site-packages/nbclient/client.py", line 918, in _check_raise_for_error
    raise CellExecutionError.from_cell_and_msg(cell, exec_reply_content)
nbclient.exceptions.CellExecutionError: An error occurred while executing the following cell:
------------------
import psycopg2
import pymysql
import numpy as np
import pandas as pd
import seaborn as sns
import matplotlib.pyplot as plt
from sklearn.neighbors import NearestNeighbors

def get_pg_data():
    conn = psycopg2.connect(
        host="pg-24ccfcfa-iqbal.i.aivencloud.com",
        user="avnadmin",
        password="AVNS_7h7RaEuETy6xtaTdGPL",
        database="defaultdb",
        port=11038
    )
    cursor = conn.cursor()
    cursor.execute("SELECT * FROM iris_data")
    data = cursor.fetchall()
    columns = [desc[0] for desc in cursor.description]  # Ambil nama kolom
    cursor.close()
    conn.close()

    return pd.DataFrame(data, columns=columns)

def get_mysql_data():
    conn = pymysql.connect(
        host="mysql-207e66db-iqbal.h.aivencloud.com",
        user="avnadmin",
        password="AVNS_moPYLh4RrOq11aEBY_x",
        database="iris",
        port=11038
    )
    cursor = conn.cursor()
    cursor.execute("SELECT * FROM iris_dataset")
    data = cursor.fetchall()
    columns = [desc[0] for desc in cursor.description]  # Ambil nama kolom
    cursor.close()
    conn.close()

    return pd.DataFrame(data, columns=columns)

# Ambil data dari kedua database
df_postgresql = get_pg_data()
df_mysql = get_mysql_data()

# Gabungkan berdasarkan kolom 'id' dan 'Class'
df_merged = pd.merge(df_mysql, df_postgresql, on=["id", "class"], how="inner")

# Cetak semua data hasil gabungan tanpa indeks
print(df_merged.to_string(index=False))

# KNN Outlier Detection
def knn_outlier_detection(data, k=5):
    neigh = NearestNeighbors(n_neighbors=k)
    neigh.fit(data)
    distances, _ = neigh.kneighbors(data)
    avg_distances = distances[:, -1]  # Ambil jarak k-terjauh sebagai skor
    return avg_distances

# Hitung K-NN distance
df_merged["knn_distance"] = knn_outlier_detection(data_values, k=5)

# Tentukan threshold sebagai nilai rata-rata + 2 standar deviasi
threshold = df_merged["knn_distance"].mean() + 2 * df_merged["knn_distance"].std()
df_merged["outlier_knn"] = df_merged["knn_distance"] > threshold

# Cetak hasil
df_result = df_merged[["id", "class", "petal_length", "petal_width", "sepal_length", "sepal_width", "knn_distance", "outlier_knn"]]
print(df_result.to_string(index=False))
num_outliers = df_merged["outlier_knn"].sum()
print(f"\nJumlah outlier: {num_outliers}")

# Cetak data outlier
outliers = df_merged[df_merged["outlier_knn"]]
print("\nData Outlier:")
print(outliers.to_string(index=False))

# Visualisasi outlier berdasarkan K-NN
plt.figure(figsize=(8, 6))
sns.scatterplot(
    x=df_merged["sepal_length"], y=df_merged["sepal_width"],
    hue=df_merged["outlier_knn"], palette={False: "blue", True: "red"}
)
plt.title("Outlier Detection (Sepal) - KNN")
plt.show()

plt.figure(figsize=(8, 6))
sns.scatterplot(
    x=df_merged["petal_length"], y=df_merged["petal_width"],
    hue=df_merged["outlier_knn"], palette={False: "blue", True: "red"}
)
plt.title("Outlier Detection (Petal) - KNN")
plt.show()
------------------

----- stdout -----
 id           class  petal_length  petal_width  sepal_length  sepal_width
  1     Iris-setosa           1.4          0.2           5.1          3.5
  2     Iris-setosa          14.0          2.0          40.9         30.0
  3     Iris-setosa           1.3          0.2           4.7          3.2
  4     Iris-setosa           1.5          0.2           4.6          3.1
  5     Iris-setosa           1.4          0.2           5.0          3.6
  6     Iris-setosa           1.7          0.4           5.4          3.9
  7     Iris-setosa           1.4          0.3           4.6          3.4
  8     Iris-setosa           1.5          0.2           5.0          3.4
  9     Iris-setosa           1.4          0.2           4.4          2.9
 10     Iris-setosa           1.5          0.1           4.9          3.1
 11     Iris-setosa           1.5          0.2           5.4          3.7
 12     Iris-setosa           1.6          0.2           4.8          3.4
 13     Iris-setosa           1.4          0.1           4.8          3.0
 14     Iris-setosa           1.1          0.1           4.3          3.0
 15     Iris-setosa           1.2          0.2           5.8          4.0
 16     Iris-setosa           1.5          0.4           5.7          4.4
 17     Iris-setosa           1.3          0.4           5.4          3.9
 18     Iris-setosa           1.4          0.3           5.1          3.5
 19     Iris-setosa           1.7          0.3           5.7          3.8
 20     Iris-setosa           1.5          0.3           5.1          3.8
 21     Iris-setosa           1.7          0.2           5.4          3.4
 22     Iris-setosa           1.5          0.4           5.1          3.7
 23     Iris-setosa           1.0          0.2           4.6          3.6
 24     Iris-setosa           1.7          0.5           5.1          3.3
 25     Iris-setosa           1.9          0.2           4.8          3.4
 26     Iris-setosa           1.6          0.2           5.0          3.0
 27     Iris-setosa           1.6          0.4           5.0          3.4
 28     Iris-setosa           1.5          0.2           5.2          3.5
 29     Iris-setosa           1.4          0.2           5.2          3.4
 30     Iris-setosa           1.6          0.2           4.7          3.2
 31     Iris-setosa           1.6          0.2           4.8          3.1
 32     Iris-setosa           1.5          0.4           5.4          3.4
 33     Iris-setosa           1.5          0.1           5.2          4.1
 34     Iris-setosa           1.4          0.2           5.5          4.2
 35     Iris-setosa           1.5          0.1           4.9          3.1
 36     Iris-setosa           1.2          0.2           5.0          3.2
 37     Iris-setosa           1.3          0.2           5.5          3.5
 38     Iris-setosa           1.5          0.1           4.9          3.1
 39     Iris-setosa           1.3          0.2           4.4          3.0
 40     Iris-setosa           1.5          0.2           5.1          3.4
 41     Iris-setosa           1.3          0.3           5.0          3.5
 42     Iris-setosa           1.3          0.3           4.5          2.3
 43     Iris-setosa           1.3          0.2           4.4          3.2
 44     Iris-setosa           1.6          0.6           5.0          3.5
 45     Iris-setosa           1.9          0.4           5.1          3.8
 46     Iris-setosa           1.4          0.3           4.8          3.0
 47     Iris-setosa           1.6          0.2           5.1          3.8
 48     Iris-setosa           1.4          0.2           4.6          3.2
 49     Iris-setosa           1.5          0.2           5.3          3.7
 50     Iris-setosa           1.4          0.2           5.0          3.3
 51 Iris-versicolor           4.7          1.4           7.0          3.2
 52 Iris-versicolor           4.5          1.5           6.4          3.2
 53 Iris-versicolor           4.9          1.5           6.9          3.1
 54 Iris-versicolor           4.0          1.3           5.5          2.3
 55 Iris-versicolor           4.6          1.5           6.5          2.8
 56 Iris-versicolor           4.5          1.3           5.7          2.8
 57 Iris-versicolor           4.7          1.6           6.3          3.3
 58 Iris-versicolor           3.3          1.0           4.9          2.4
 59 Iris-versicolor           4.6          1.3           6.6          2.9
 60 Iris-versicolor           3.9          1.4           5.2          2.7
 61 Iris-versicolor           3.5          1.0           5.0          2.0
 62 Iris-versicolor           4.2          1.5           5.9          3.0
 63 Iris-versicolor           4.0          1.0           6.0          2.2
 64 Iris-versicolor           4.7          1.4           6.1          2.9
 65 Iris-versicolor           3.6          1.3           5.6          2.9
 66 Iris-versicolor           4.4          1.4           6.7          3.1
 67 Iris-versicolor           4.5          1.5           5.6          3.0
 68 Iris-versicolor           4.1          1.0           5.8          2.7
 69 Iris-versicolor           4.5          1.5           6.2          2.2
 70 Iris-versicolor           3.9          1.1           5.6          2.5
 71 Iris-versicolor           4.8          1.8           5.9          3.2
 72 Iris-versicolor           4.0          1.3           6.1          2.8
 73 Iris-versicolor           4.9          1.5           6.3          2.5
 74 Iris-versicolor           4.7          1.2           6.1          2.8
 75 Iris-versicolor           4.3          1.3           6.4          2.9
 76 Iris-versicolor           4.4          1.4           6.6          3.0
 77 Iris-versicolor           4.8          1.4           6.8          2.8
 78 Iris-versicolor           5.0          1.7           6.7          3.0
 79 Iris-versicolor           4.5          1.5           6.0          2.9
 80 Iris-versicolor           3.5          1.0           5.7          2.6
 81 Iris-versicolor           3.8          1.1           5.5          2.4
 82 Iris-versicolor           3.7          1.0           5.5          2.4
 83 Iris-versicolor           3.9          1.2           5.8          2.7
 84 Iris-versicolor           5.1          1.6           6.0          2.7
 85 Iris-versicolor           4.5          1.5           5.4          3.0
 86 Iris-versicolor           4.5          1.6           6.0          3.4
 87 Iris-versicolor           4.7          1.5           6.7          3.1
 88 Iris-versicolor           4.4          1.3           6.3          2.3
 89 Iris-versicolor           4.1          1.3           5.6          3.0
 90 Iris-versicolor           4.0          1.3           5.5          2.5
 91 Iris-versicolor           4.4          1.2           5.5          2.6
 92 Iris-versicolor           4.6          1.4           6.1          3.0
 93 Iris-versicolor           4.0          1.2           5.8          2.6
 94 Iris-versicolor           3.3          1.0           5.0          2.3
 95 Iris-versicolor           4.2          1.3           5.6          2.7
 96 Iris-versicolor           4.2          1.2           5.7          3.0
 97 Iris-versicolor           4.2          1.3           5.7          2.9
 98 Iris-versicolor           4.3          1.3           6.2          2.9
 99 Iris-versicolor           3.0          1.1           5.1          2.5
100 Iris-versicolor           4.1          1.3           5.7          2.8
101  Iris-virginica           6.0          2.5           6.3          3.3
102  Iris-virginica           5.1          1.9           5.8          2.7
103  Iris-virginica           5.9          2.1           7.1          3.0
104  Iris-virginica           5.6          1.8           6.3          2.9
105  Iris-virginica           5.8          2.2           6.5          3.0
106  Iris-virginica           6.6          2.1           7.6          3.0
107  Iris-virginica           4.5          1.7           4.9          2.5
108  Iris-virginica           6.3          1.8           7.3          2.9
109  Iris-virginica           5.8          1.8           6.7          2.5
110  Iris-virginica           6.1          2.5           7.2          3.6
111  Iris-virginica           5.1          2.0           6.5          3.2
112  Iris-virginica           5.3          1.9           6.4          2.7
113  Iris-virginica           5.5          2.1           6.8          3.0
114  Iris-virginica           5.0          2.0           5.7          2.5
115  Iris-virginica           5.1          2.4           5.8          2.8
116  Iris-virginica           5.3          2.3           6.4          3.2
117  Iris-virginica           5.5          1.8           6.5          3.0
118  Iris-virginica           6.7          2.2           7.7          3.8
119  Iris-virginica           6.9          2.3           7.7          2.6
120  Iris-virginica           5.0          1.5           6.0          2.2
121  Iris-virginica           5.7          2.3           6.9          3.2
122  Iris-virginica           4.9          2.0           5.6          2.8
123  Iris-virginica           6.7          2.0           7.7          2.8
124  Iris-virginica           4.9          1.8           6.3          2.7
125  Iris-virginica           5.7          2.1           6.7          3.3
126  Iris-virginica           6.0          1.8           7.2          3.2
127  Iris-virginica           4.8          1.8           6.2          2.8
128  Iris-virginica           4.9          1.8           6.1          3.0
129  Iris-virginica           5.6          2.1           6.4          2.8
130  Iris-virginica           5.8          1.6           7.2          3.0
131  Iris-virginica           6.1          1.9           7.4          2.8
132  Iris-virginica           6.4          2.0           7.9          3.8
133  Iris-virginica           5.6          2.2           6.4          2.8
134  Iris-virginica           5.1          1.5           6.3          2.8
135  Iris-virginica           5.6          1.4           6.1          2.6
136  Iris-virginica           6.1          2.3           7.7          3.0
137  Iris-virginica           5.6          2.4           6.3          3.4
138  Iris-virginica           5.5          1.8           6.4          3.1
139  Iris-virginica           4.8          1.8           6.0          3.0
140  Iris-virginica           5.4          2.1           6.9          3.1
141  Iris-virginica           5.6          2.4           6.7          3.1
142  Iris-virginica           5.1          2.3           6.9          3.1
143  Iris-virginica           5.1          1.9           5.8          2.7
144  Iris-virginica           5.9          2.3           6.8          3.2
145  Iris-virginica           5.7          2.5           6.7          3.3
146  Iris-virginica           5.2          2.3           6.7          3.0
147  Iris-virginica           5.0          1.9           6.3          2.5
148  Iris-virginica           5.2          2.0           6.5          3.0
149  Iris-virginica           5.4          2.3           6.2          3.4
150  Iris-virginica           5.1          1.8           5.9          3.0
151             ???           5.1          3.2           5.8          1.0
------------------

[0;31m---------------------------------------------------------------------------[0m
[0;31mNameError[0m                                 Traceback (most recent call last)
Cell [0;32mIn[2], line 62[0m
[1;32m     59[0m     [38;5;28;01mreturn[39;00m avg_distances
[1;32m     61[0m [38;5;66;03m# Hitung K-NN distance[39;00m
[0;32m---> 62[0m df_merged[[38;5;124m"[39m[38;5;124mknn_distance[39m[38;5;124m"[39m] [38;5;241m=[39m knn_outlier_detection([43mdata_values[49m, k[38;5;241m=[39m[38;5;241m5[39m)
[1;32m     64[0m [38;5;66;03m# Tentukan threshold sebagai nilai rata-rata + 2 standar deviasi[39;00m
[1;32m     65[0m threshold [38;5;241m=[39m df_merged[[38;5;124m"[39m[38;5;124mknn_distance[39m[38;5;124m"[39m][38;5;241m.[39mmean() [38;5;241m+[39m [38;5;241m2[39m [38;5;241m*[39m df_merged[[38;5;124m"[39m[38;5;124mknn_distance[39m[38;5;124m"[39m][38;5;241m.[39mstd()

[0;31mNameError[0m: name 'data_values' is not defined

