Traceback (most recent call last):
  File "/usr/local/python/3.12.1/lib/python3.12/site-packages/jupyter_cache/executors/utils.py", line 58, in single_nb_execution
    executenb(
  File "/home/codespace/.local/lib/python3.12/site-packages/nbclient/client.py", line 1314, in execute
    return NotebookClient(nb=nb, resources=resources, km=km, **kwargs).execute()
           ^^^^^^^^^^^^^^^^^^^^^^^^^^^^^^^^^^^^^^^^^^^^^^^^^^^^^^^^^^^^^^^^^^^^^
  File "/home/codespace/.local/lib/python3.12/site-packages/jupyter_core/utils/__init__.py", line 165, in wrapped
    return loop.run_until_complete(inner)
           ^^^^^^^^^^^^^^^^^^^^^^^^^^^^^^
  File "/usr/local/python/3.12.1/lib/python3.12/asyncio/base_events.py", line 684, in run_until_complete
    return future.result()
           ^^^^^^^^^^^^^^^
  File "/home/codespace/.local/lib/python3.12/site-packages/nbclient/client.py", line 709, in async_execute
    await self.async_execute_cell(
  File "/home/codespace/.local/lib/python3.12/site-packages/nbclient/client.py", line 1062, in async_execute_cell
    await self._check_raise_for_error(cell, cell_index, exec_reply)
  File "/home/codespace/.local/lib/python3.12/site-packages/nbclient/client.py", line 918, in _check_raise_for_error
    raise CellExecutionError.from_cell_and_msg(cell, exec_reply_content)
nbclient.exceptions.CellExecutionError: An error occurred while executing the following cell:
------------------
import psycopg2
import pymysql
import numpy as np
import pandas as pd
import seaborn as sns
import matplotlib.pyplot as plt
from sklearn.neighbors import LocalOutlierFactor
from matplotlib.legend_handler import HandlerPathCollection
from scipy.spatial.distance import euclidean

def get_pg_data():
    conn = psycopg2.connect(
        host="pg-24ccfcfa-iqbal.i.aivencloud.com",
        user="avnadmin",
        password="AVNS_7h7RaEuETy6xtaTdGPL",
        database="defaultdb",
        port=11038
    )
    cursor = conn.cursor()
    cursor.execute("SELECT * FROM iris_data")
    data = cursor.fetchall()
    columns = [desc[0] for desc in cursor.description]  # Ambil nama kolom
    cursor.close()
    conn.close()

    return pd.DataFrame(data, columns=columns)

def get_mysql_data():
    conn = pymysql.connect(
        host="mysql-207e66db-iqbal.h.aivencloud.com",
        user="avnadmin",
        password="AVNS_moPYLh4RrOq11aEBY_x",
        database="iris",
        port=11038
    )
    cursor = conn.cursor()
    cursor.execute("SELECT * FROM iris_dataset")
    data = cursor.fetchall()
    columns = [desc[0] for desc in cursor.description]  # Ambil nama kolom
    cursor.close()
    conn.close()

    return pd.DataFrame(data, columns=columns)

# Ambil data dari kedua database
df_postgresql = get_pg_data()
df_mysql = get_mysql_data()

# Gabungkan berdasarkan kolom 'id' dan 'Class'
df_merged = pd.merge(df_mysql, df_postgresql, on=["id", "class"], how="inner")

feature_columns = ["petal_length", "petal_width", "sepal_length", "sepal_width"]
data_values = df_merged[feature_columns].values

# Cetak semua data hasil gabungan tanpa indeks
print(df_merged.to_string(index=False))

# Menerapkan Local Outlier Factor untuk deteksi outlier
X = df_merged.iloc[:, 2:].values  # Mengambil fitur numerik
clf = LocalOutlierFactor(n_neighbors=20, contamination=0.1)
y_pred = clf.fit_predict(X)
df_merged['outlier'] = np.where(y_pred == -1, -1, 1)  # Menandai outlier (-1) dan non-outlier (1)
X_scores = clf.negative_outlier_factor_

# Menampilkan tabel ID dan status outlier
outlier_table = df_merged[['id','class', 'outlier']]
print("\nTabel ID dan Status Outlier:")
print(outlier_table.to_string(index=False))

# Menampilkan jumlah outlier
total_outliers = (y_pred == -1).sum()
print(f"Jumlah outlier yang terdeteksi: {total_outliers}")
------------------


[0;31m---------------------------------------------------------------------------[0m
[0;31mOperationalError[0m                          Traceback (most recent call last)
Cell [0;32mIn[2], line 46[0m
[1;32m     43[0m     [38;5;28;01mreturn[39;00m pd[38;5;241m.[39mDataFrame(data, columns[38;5;241m=[39mcolumns)
[1;32m     45[0m [38;5;66;03m# Ambil data dari kedua database[39;00m
[0;32m---> 46[0m df_postgresql [38;5;241m=[39m [43mget_pg_data[49m[43m([49m[43m)[49m
[1;32m     47[0m df_mysql [38;5;241m=[39m get_mysql_data()
[1;32m     49[0m [38;5;66;03m# Gabungkan berdasarkan kolom 'id' dan 'Class'[39;00m

Cell [0;32mIn[2], line 12[0m, in [0;36mget_pg_data[0;34m()[0m
[1;32m     11[0m [38;5;28;01mdef[39;00m [38;5;21mget_pg_data[39m():
[0;32m---> 12[0m     conn [38;5;241m=[39m [43mpsycopg2[49m[38;5;241;43m.[39;49m[43mconnect[49m[43m([49m
[1;32m     13[0m [43m        [49m[43mhost[49m[38;5;241;43m=[39;49m[38;5;124;43m"[39;49m[38;5;124;43mpg-24ccfcfa-iqbal.i.aivencloud.com[39;49m[38;5;124;43m"[39;49m[43m,[49m
[1;32m     14[0m [43m        [49m[43muser[49m[38;5;241;43m=[39;49m[38;5;124;43m"[39;49m[38;5;124;43mavnadmin[39;49m[38;5;124;43m"[39;49m[43m,[49m
[1;32m     15[0m [43m        [49m[43mpassword[49m[38;5;241;43m=[39;49m[38;5;124;43m"[39;49m[38;5;124;43mAVNS_7h7RaEuETy6xtaTdGPL[39;49m[38;5;124;43m"[39;49m[43m,[49m
[1;32m     16[0m [43m        [49m[43mdatabase[49m[38;5;241;43m=[39;49m[38;5;124;43m"[39;49m[38;5;124;43mdefaultdb[39;49m[38;5;124;43m"[39;49m[43m,[49m
[1;32m     17[0m [43m        [49m[43mport[49m[38;5;241;43m=[39;49m[38;5;241;43m11038[39;49m
[1;32m     18[0m [43m    [49m[43m)[49m
[1;32m     19[0m     cursor [38;5;241m=[39m conn[38;5;241m.[39mcursor()
[1;32m     20[0m     cursor[38;5;241m.[39mexecute([38;5;124m"[39m[38;5;124mSELECT * FROM iris_data[39m[38;5;124m"[39m)

File [0;32m/usr/local/python/3.12.1/lib/python3.12/site-packages/psycopg2/__init__.py:122[0m, in [0;36mconnect[0;34m(dsn, connection_factory, cursor_factory, **kwargs)[0m
[1;32m    119[0m     kwasync[[38;5;124m'[39m[38;5;124masync_[39m[38;5;124m'[39m] [38;5;241m=[39m kwargs[38;5;241m.[39mpop([38;5;124m'[39m[38;5;124masync_[39m[38;5;124m'[39m)
[1;32m    121[0m dsn [38;5;241m=[39m _ext[38;5;241m.[39mmake_dsn(dsn, [38;5;241m*[39m[38;5;241m*[39mkwargs)
[0;32m--> 122[0m conn [38;5;241m=[39m [43m_connect[49m[43m([49m[43mdsn[49m[43m,[49m[43m [49m[43mconnection_factory[49m[38;5;241;43m=[39;49m[43mconnection_factory[49m[43m,[49m[43m [49m[38;5;241;43m*[39;49m[38;5;241;43m*[39;49m[43mkwasync[49m[43m)[49m
[1;32m    123[0m [38;5;28;01mif[39;00m cursor_factory [38;5;129;01mis[39;00m [38;5;129;01mnot[39;00m [38;5;28;01mNone[39;00m:
[1;32m    124[0m     conn[38;5;241m.[39mcursor_factory [38;5;241m=[39m cursor_factory

[0;31mOperationalError[0m: could not translate host name "pg-24ccfcfa-iqbal.i.aivencloud.com" to address: Name or service not known


